<?xml version="1.0" encoding="UTF-8"?>
<testng-results skipped="0" failed="0" ignored="0" total="1" passed="1">
  <reporter-output>
  </reporter-output>
  <suite name="Default suite" duration-ms="8871" started-at="2021-07-21T15:39:14 MST" finished-at="2021-07-21T15:39:23 MST">
    <groups>
    </groups>
    <test name="Default test" duration-ms="8871" started-at="2021-07-21T15:39:14 MST" finished-at="2021-07-21T15:39:23 MST">
      <class name="EcommerceSite">
        <test-method status="PASS" signature="beforeSuite()[pri:0, instance:EcommerceSite@627551fb]" name="beforeSuite" is-config="true" duration-ms="16" started-at="2021-07-21T15:39:14 MST" finished-at="2021-07-21T15:39:14 MST">
          <reporter-output>
          </reporter-output>
        </test-method> <!-- beforeSuite -->
        <test-method status="PASS" signature="beforeTest()[pri:0, instance:EcommerceSite@627551fb]" name="beforeTest" is-config="true" duration-ms="0" started-at="2021-07-21T15:39:14 MST" finished-at="2021-07-21T15:39:14 MST">
          <reporter-output>
          </reporter-output>
        </test-method> <!-- beforeTest -->
        <test-method status="PASS" signature="beforeClass()[pri:0, instance:EcommerceSite@627551fb]" name="beforeClass" is-config="true" duration-ms="0" started-at="2021-07-21T15:39:14 MST" finished-at="2021-07-21T15:39:14 MST">
          <reporter-output>
          </reporter-output>
        </test-method> <!-- beforeClass -->
        <test-method status="PASS" signature="f()[pri:0, instance:EcommerceSite@627551fb]" name="f" duration-ms="8839" started-at="2021-07-21T15:39:14 MST" finished-at="2021-07-21T15:39:23 MST">
          <reporter-output>
          </reporter-output>
        </test-method> <!-- f -->
        <test-method status="PASS" signature="beforeMethod()[pri:0, instance:EcommerceSite@627551fb]" name="beforeMethod" is-config="true" duration-ms="0" started-at="2021-07-21T15:39:14 MST" finished-at="2021-07-21T15:39:14 MST">
          <reporter-output>
          </reporter-output>
        </test-method> <!-- beforeMethod -->
        <test-method status="PASS" signature="afterMethod()[pri:0, instance:EcommerceSite@627551fb]" name="afterMethod" is-config="true" duration-ms="0" started-at="2021-07-21T15:39:23 MST" finished-at="2021-07-21T15:39:23 MST">
          <reporter-output>
          </reporter-output>
        </test-method> <!-- afterMethod -->
        <test-method status="PASS" signature="afterClass()[pri:0, instance:EcommerceSite@627551fb]" name="afterClass" is-config="true" duration-ms="8" started-at="2021-07-21T15:39:23 MST" finished-at="2021-07-21T15:39:23 MST">
          <reporter-output>
          </reporter-output>
        </test-method> <!-- afterClass -->
        <test-method status="PASS" signature="afterTest()[pri:0, instance:EcommerceSite@627551fb]" name="afterTest" is-config="true" duration-ms="0" started-at="2021-07-21T15:39:23 MST" finished-at="2021-07-21T15:39:23 MST">
          <reporter-output>
          </reporter-output>
        </test-method> <!-- afterTest -->
        <test-method status="PASS" signature="afterSuite()[pri:0, instance:EcommerceSite@627551fb]" name="afterSuite" is-config="true" duration-ms="1" started-at="2021-07-21T15:39:23 MST" finished-at="2021-07-21T15:39:23 MST">
          <reporter-output>
          </reporter-output>
        </test-method> <!-- afterSuite -->
      </class> <!-- EcommerceSite -->
    </test> <!-- Default test -->
  </suite> <!-- Default suite -->
</testng-results>
